  [1m[35m (7.4ms)[0m  [1m[35mCREATE TABLE "schema_migrations" ("version" varchar NOT NULL PRIMARY KEY)[0m
  [1m[35m (4.4ms)[0m  [1m[35mCREATE TABLE "ar_internal_metadata" ("key" varchar NOT NULL PRIMARY KEY, "value" varchar, "created_at" datetime(6) NOT NULL, "updated_at" datetime(6) NOT NULL)[0m
  [1m[36mActiveRecord::InternalMetadata Load (0.4ms)[0m  [1m[34mSELECT "ar_internal_metadata".* FROM "ar_internal_metadata" WHERE "ar_internal_metadata"."key" = ? LIMIT ?[0m  [["key", "environment"], ["LIMIT", 1]]
  [1m[36mTRANSACTION (0.1ms)[0m  [1m[36mbegin transaction[0m
  [1m[36mActiveRecord::InternalMetadata Create (1.4ms)[0m  [1m[32mINSERT INTO "ar_internal_metadata" ("key", "value", "created_at", "updated_at") VALUES (?, ?, ?, ?)[0m  [["key", "environment"], ["value", "development"], ["created_at", "2023-08-15 21:00:26.323664"], ["updated_at", "2023-08-15 21:00:26.323664"]]
  [1m[36mTRANSACTION (4.0ms)[0m  [1m[36mcommit transaction[0m
  [1m[36mActiveRecord::SchemaMigration Pluck (0.2ms)[0m  [1m[34mSELECT "schema_migrations"."version" FROM "schema_migrations" ORDER BY "schema_migrations"."version" ASC[0m
  [1m[36mActiveRecord::SchemaMigration Pluck (0.3ms)[0m  [1m[34mSELECT "schema_migrations"."version" FROM "schema_migrations" ORDER BY "schema_migrations"."version" ASC[0m
Migrating to CreateTasks (20230815210051)
  [1m[36mTRANSACTION (0.1ms)[0m  [1m[36mbegin transaction[0m
  [1m[35m (2.0ms)[0m  [1m[35mCREATE TABLE "tasks" ("id" integer PRIMARY KEY AUTOINCREMENT NOT NULL, "title" varchar, "description" text, "created_at" datetime(6) NOT NULL, "updated_at" datetime(6) NOT NULL)[0m
  [1m[36mActiveRecord::SchemaMigration Create (0.3ms)[0m  [1m[32mINSERT INTO "schema_migrations" ("version") VALUES (?)[0m  [["version", "20230815210051"]]
  [1m[36mTRANSACTION (4.3ms)[0m  [1m[36mcommit transaction[0m
  [1m[36mActiveRecord::InternalMetadata Load (0.4ms)[0m  [1m[34mSELECT "ar_internal_metadata".* FROM "ar_internal_metadata" WHERE "ar_internal_metadata"."key" = ? LIMIT ?[0m  [["key", "environment"], ["LIMIT", 1]]
  [1m[36mActiveRecord::SchemaMigration Pluck (0.2ms)[0m  [1m[34mSELECT "schema_migrations"."version" FROM "schema_migrations" ORDER BY "schema_migrations"."version" ASC[0m
Started GET "/main.df703750dc525798e8b2.hot-update.json" for ::1 at 2023-08-16 15:40:20 +0300
  [1m[36mActiveRecord::SchemaMigration Pluck (0.7ms)[0m  [1m[34mSELECT "schema_migrations"."version" FROM "schema_migrations" ORDER BY "schema_migrations"."version" ASC[0m
  
ActionController::RoutingError (No route matches [GET] "/main.df703750dc525798e8b2.hot-update.json"):
  
Started GET "/%PUBLIC_URL%/favicon.ico" for ::1 at 2023-08-16 15:40:22 +0300
Started GET "/%PUBLIC_URL%/manifest.json" for ::1 at 2023-08-16 15:40:22 +0300
  
ActionController::RoutingError (No route matches [GET] "/%PUBLIC_URL%/favicon.ico"):
  
  
ActionController::RoutingError (No route matches [GET] "/%PUBLIC_URL%/manifest.json"):
  
Started GET "/%PUBLIC_URL%/manifest.json" for ::1 at 2023-08-16 15:40:55 +0300
  
ActionController::RoutingError (No route matches [GET] "/%PUBLIC_URL%/manifest.json"):
  
Started GET "/%PUBLIC_URL%/manifest.json" for ::1 at 2023-08-16 15:40:57 +0300
  
ActionController::RoutingError (No route matches [GET] "/%PUBLIC_URL%/manifest.json"):
  
Started GET "/%PUBLIC_URL%/manifest.json" for ::1 at 2023-08-16 15:41:19 +0300
  
ActionController::RoutingError (No route matches [GET] "/%PUBLIC_URL%/manifest.json"):
  
Started GET "/%PUBLIC_URL%/manifest.json" for ::1 at 2023-08-16 15:41:19 +0300
  
ActionController::RoutingError (No route matches [GET] "/%PUBLIC_URL%/manifest.json"):
  
Started GET "/%PUBLIC_URL%/manifest.json" for ::1 at 2023-08-16 15:41:20 +0300
  
ActionController::RoutingError (No route matches [GET] "/%PUBLIC_URL%/manifest.json"):
  
Started GET "/%PUBLIC_URL%/manifest.json" for ::1 at 2023-08-16 15:41:20 +0300
  
ActionController::RoutingError (No route matches [GET] "/%PUBLIC_URL%/manifest.json"):
  
Started GET "/%PUBLIC_URL%/manifest.json" for ::1 at 2023-08-16 15:41:20 +0300
  
ActionController::RoutingError (No route matches [GET] "/%PUBLIC_URL%/manifest.json"):
  
Started GET "/%PUBLIC_URL%/manifest.json" for ::1 at 2023-08-16 15:41:20 +0300
  
ActionController::RoutingError (No route matches [GET] "/%PUBLIC_URL%/manifest.json"):
  
Started GET "/%PUBLIC_URL%/manifest.json" for ::1 at 2023-08-16 15:41:39 +0300
  
ActionController::RoutingError (No route matches [GET] "/%PUBLIC_URL%/manifest.json"):
  
Started GET "/%PUBLIC_URL%/manifest.json" for ::1 at 2023-08-16 15:42:10 +0300
  
ActionController::RoutingError (No route matches [GET] "/%PUBLIC_URL%/manifest.json"):
  
Started GET "/%PUBLIC_URL%/manifest.json" for ::1 at 2023-08-16 15:42:12 +0300
  
ActionController::RoutingError (No route matches [GET] "/%PUBLIC_URL%/manifest.json"):
  
Started GET "/%PUBLIC_URL%/manifest.json" for ::1 at 2023-08-16 15:42:12 +0300
  
ActionController::RoutingError (No route matches [GET] "/%PUBLIC_URL%/manifest.json"):
  
Started GET "/%PUBLIC_URL%/manifest.json" for ::1 at 2023-08-16 15:42:13 +0300
  
ActionController::RoutingError (No route matches [GET] "/%PUBLIC_URL%/manifest.json"):
  
Started GET "/%PUBLIC_URL%/manifest.json" for ::1 at 2023-08-16 15:42:13 +0300
  
ActionController::RoutingError (No route matches [GET] "/%PUBLIC_URL%/manifest.json"):
  
Started GET "/%PUBLIC_URL%/manifest.json" for ::1 at 2023-08-16 15:42:13 +0300
  
ActionController::RoutingError (No route matches [GET] "/%PUBLIC_URL%/manifest.json"):
  
Started GET "/%PUBLIC_URL%/manifest.json" for ::1 at 2023-08-16 15:42:13 +0300
  
ActionController::RoutingError (No route matches [GET] "/%PUBLIC_URL%/manifest.json"):
  
Started GET "/%PUBLIC_URL%/manifest.json" for ::1 at 2023-08-16 15:42:13 +0300
  
ActionController::RoutingError (No route matches [GET] "/%PUBLIC_URL%/manifest.json"):
  
Started GET "/%PUBLIC_URL%/manifest.json" for ::1 at 2023-08-16 15:42:17 +0300
  
ActionController::RoutingError (No route matches [GET] "/%PUBLIC_URL%/manifest.json"):
  
Started GET "/%PUBLIC_URL%/manifest.json" for ::1 at 2023-08-16 15:42:30 +0300
  
ActionController::RoutingError (No route matches [GET] "/%PUBLIC_URL%/manifest.json"):
  
Started GET "/%PUBLIC_URL%/manifest.json" for ::1 at 2023-08-16 15:42:31 +0300
  
ActionController::RoutingError (No route matches [GET] "/%PUBLIC_URL%/manifest.json"):
  
Started GET "/%PUBLIC_URL%/manifest.json" for ::1 at 2023-08-16 15:42:31 +0300
  
ActionController::RoutingError (No route matches [GET] "/%PUBLIC_URL%/manifest.json"):
  
Started GET "/%PUBLIC_URL%/manifest.json" for ::1 at 2023-08-16 15:42:31 +0300
  
ActionController::RoutingError (No route matches [GET] "/%PUBLIC_URL%/manifest.json"):
  
Started GET "/%PUBLIC_URL%/manifest.json" for ::1 at 2023-08-16 15:42:31 +0300
  
ActionController::RoutingError (No route matches [GET] "/%PUBLIC_URL%/manifest.json"):
  
Started GET "/%PUBLIC_URL%/manifest.json" for ::1 at 2023-08-16 15:42:36 +0300
  
ActionController::RoutingError (No route matches [GET] "/%PUBLIC_URL%/manifest.json"):
  
